<?xml version="1.0" encoding="UTF-8"?>
<!-- Generated by org.testng.reporters.JUnitReportReporter -->
<testsuite hostname="DESKTOP-6JVV5KL" failures="0" tests="9" name="runner.runnerTest" time="83.064" errors="0" timestamp="2024-04-18T13:57:27 IST" skipped="0">
  <testcase classname="runner.runnerTest" name="runScenario" time="16.396"/>
  <testcase classname="runner.runnerTest" name="runScenario" time="7.199"/>
  <testcase classname="runner.runnerTest" name="runScenario" time="14.628"/>
  <testcase classname="runner.runnerTest" name="runScenario" time="8.798"/>
  <testcase classname="runner.runnerTest" name="runScenario" time="6.995"/>
  <testcase classname="runner.runnerTest" name="runScenario" time="7.089"/>
  <testcase classname="runner.runnerTest" name="runScenario" time="8.070"/>
  <testcase classname="runner.runnerTest" name="runScenario" time="6.727"/>
  <testcase classname="runner.runnerTest" name="runScenario" time="7.162"/>
</testsuite> <!-- runner.runnerTest -->
